<?xml version="1.0" encoding="UTF-8"?>
<testng-results skipped="0" failed="1" ignored="0" total="3" passed="2">
  <reporter-output>
  </reporter-output>
  <suite name="CRM application test suite" duration-ms="64806" started-at="2019-07-21T16:57:15Z" finished-at="2019-07-21T16:58:20Z">
    <groups>
    </groups>
    <test name="Free CRM Application test" duration-ms="64806" started-at="2019-07-21T16:57:15Z" finished-at="2019-07-21T16:58:20Z">
      <class name="com.crm.qa.testCases.LoginPageTest">
        <test-method status="PASS" signature="SetUp()[pri:0, instance:com.crm.qa.testCases.LoginPageTest@31a5c39e]" name="SetUp" is-config="true" duration-ms="13002" started-at="2019-07-21T16:57:15Z" finished-at="2019-07-21T16:57:28Z">
          <reporter-output>
          </reporter-output>
        </test-method> <!-- SetUp -->
        <test-method status="FAIL" signature="loginPageTitleTest()[pri:1, instance:com.crm.qa.testCases.LoginPageTest@31a5c39e]" name="loginPageTitleTest" duration-ms="429" started-at="2019-07-21T16:57:28Z" finished-at="2019-07-21T16:57:29Z">
          <exception class="java.lang.AssertionError">
            <message>
              <![CDATA[expected [Free CRM software for any Business1] but found [Free CRM software for any Business]]]>
            </message>
            <full-stacktrace>
              <![CDATA[java.lang.AssertionError: expected [Free CRM software for any Business1] but found [Free CRM software for any Business]
at org.testng.Assert.fail(Assert.java:96)
at org.testng.Assert.failNotEquals(Assert.java:776)
at org.testng.Assert.assertEqualsImpl(Assert.java:137)
at org.testng.Assert.assertEquals(Assert.java:118)
at org.testng.Assert.assertEquals(Assert.java:453)
at org.testng.Assert.assertEquals(Assert.java:463)
at com.crm.qa.testCases.LoginPageTest.loginPageTitleTest(LoginPageTest.java:31)
at sun.reflect.NativeMethodAccessorImpl.invoke0(Native Method)
at sun.reflect.NativeMethodAccessorImpl.invoke(Unknown Source)
at sun.reflect.DelegatingMethodAccessorImpl.invoke(Unknown Source)
at java.lang.reflect.Method.invoke(Unknown Source)
at org.testng.internal.MethodInvocationHelper.invokeMethod(MethodInvocationHelper.java:124)
at org.testng.internal.Invoker.invokeMethod(Invoker.java:583)
at org.testng.internal.Invoker.invokeTestMethod(Invoker.java:719)
at org.testng.internal.Invoker.invokeTestMethods(Invoker.java:989)
at org.testng.internal.TestMethodWorker.invokeTestMethods(TestMethodWorker.java:125)
at org.testng.internal.TestMethodWorker.run(TestMethodWorker.java:109)
at org.testng.TestRunner.privateRun(TestRunner.java:648)
at org.testng.TestRunner.run(TestRunner.java:505)
at org.testng.SuiteRunner.runTest(SuiteRunner.java:455)
at org.testng.SuiteRunner.runSequentially(SuiteRunner.java:450)
at org.testng.SuiteRunner.privateRun(SuiteRunner.java:415)
at org.testng.SuiteRunner.run(SuiteRunner.java:364)
at org.testng.SuiteRunnerWorker.runSuite(SuiteRunnerWorker.java:52)
at org.testng.SuiteRunnerWorker.run(SuiteRunnerWorker.java:84)
at org.testng.TestNG.runSuitesSequentially(TestNG.java:1208)
at org.testng.TestNG.runSuitesLocally(TestNG.java:1137)
at org.testng.TestNG.runSuites(TestNG.java:1049)
at org.testng.TestNG.run(TestNG.java:1017)
at org.testng.remote.AbstractRemoteTestNG.run(AbstractRemoteTestNG.java:115)
at org.testng.remote.RemoteTestNG.initAndRun(RemoteTestNG.java:251)
at org.testng.remote.RemoteTestNG.main(RemoteTestNG.java:77)
]]>
            </full-stacktrace>
          </exception> <!-- java.lang.AssertionError -->
          <reporter-output>
          </reporter-output>
        </test-method> <!-- loginPageTitleTest -->
        <test-method status="PASS" signature="tearDown()[pri:0, instance:com.crm.qa.testCases.LoginPageTest@31a5c39e]" name="tearDown" is-config="true" duration-ms="699" started-at="2019-07-21T16:57:29Z" finished-at="2019-07-21T16:57:29Z">
          <reporter-output>
          </reporter-output>
        </test-method> <!-- tearDown -->
        <test-method status="PASS" signature="SetUp()[pri:0, instance:com.crm.qa.testCases.LoginPageTest@31a5c39e]" name="SetUp" is-config="true" duration-ms="10480" started-at="2019-07-21T16:57:29Z" finished-at="2019-07-21T16:57:40Z">
          <reporter-output>
          </reporter-output>
        </test-method> <!-- SetUp -->
        <test-method status="PASS" signature="titleCheck()[pri:2, instance:com.crm.qa.testCases.LoginPageTest@31a5c39e]" name="titleCheck" duration-ms="726" started-at="2019-07-21T16:57:40Z" finished-at="2019-07-21T16:57:41Z">
          <reporter-output>
          </reporter-output>
        </test-method> <!-- titleCheck -->
        <test-method status="PASS" signature="tearDown()[pri:0, instance:com.crm.qa.testCases.LoginPageTest@31a5c39e]" name="tearDown" is-config="true" duration-ms="686" started-at="2019-07-21T16:57:41Z" finished-at="2019-07-21T16:57:41Z">
          <reporter-output>
          </reporter-output>
        </test-method> <!-- tearDown -->
        <test-method status="PASS" signature="SetUp()[pri:0, instance:com.crm.qa.testCases.LoginPageTest@31a5c39e]" name="SetUp" is-config="true" duration-ms="10122" started-at="2019-07-21T16:57:41Z" finished-at="2019-07-21T16:57:51Z">
          <reporter-output>
          </reporter-output>
        </test-method> <!-- SetUp -->
        <test-method status="PASS" signature="loginTest()[pri:3, instance:com.crm.qa.testCases.LoginPageTest@31a5c39e]" name="loginTest" duration-ms="27891" started-at="2019-07-21T16:57:51Z" finished-at="2019-07-21T16:58:19Z">
          <reporter-output>
          </reporter-output>
        </test-method> <!-- loginTest -->
        <test-method status="PASS" signature="tearDown()[pri:0, instance:com.crm.qa.testCases.LoginPageTest@31a5c39e]" name="tearDown" is-config="true" duration-ms="710" started-at="2019-07-21T16:58:19Z" finished-at="2019-07-21T16:58:20Z">
          <reporter-output>
          </reporter-output>
        </test-method> <!-- tearDown -->
      </class> <!-- com.crm.qa.testCases.LoginPageTest -->
    </test> <!-- Free CRM Application test -->
  </suite> <!-- CRM application test suite -->
</testng-results>
